MiniEDA Integrated Flow - Unified Configuration
================================================

=== Parsing Verilog Netlist ===
Reading: benchmarks/ISCAS/Verilog/s526.v

=== Running Placement ===
  Using Placement Algorithm: hybrid
  Parsed time_unit: 1ns
  Parsed power_unit: 1nW
  Parsed voltage_unit: 1V
  Parsed current_unit: 1mA
  Parsed resistance_unit: 1kohm
  Successfully parsed library: NangateOpenCellLibrary
  Cell count: 135

>>> DESIGN INFO (UTILIZATION DIAGNOSIS) <<<
Total Cell Area: 263.34 μm²
Core Area: 383.572 μm²
Actual Utilization: 0.686546 (68.6546%)
Target Utilization: 0.7 (70%)
[GOOD] Reasonable utilization for standard placement.
==========================================

Exported placement to CSV: visualizations/s526/00_random.csv
Visualization saved as: s526/00_random.png
  Total cells: 225 (movable: 225, fixed: 0)
  Cell labels: Enabled (cell count <= 1000)

=== Starting Global Placement ===
Algorithm: hybrid
Mode: Hybrid Cascade (Warmup + Nesterov)
  Running Hybrid Cascade Algorithm...

  === Phase 1: Warm-up (Basic Force-Directed) ===
  Initial HPWL: 3200.58
  Force-directed iteration 0 (moved 224 cells)
  Warmup iteration 0: HPWL = 1289.86 (ratio: 0.403)
Exported placement to CSV: visualizations/s526/warmup_iter_0.csv
Visualization saved as: s526/warmup_iter_0.png
  Total cells: 225 (movable: 225, fixed: 0)
  Cell labels: Enabled (cell count <= 1000)
  Warm-up stopped early: HPWL ratio reached 0.248
  Warm-up completed. Cells are initially spread.
  HPWL after warm-up: 792.527
  [PlacerDB] Synced 225 cell positions to Netlist.
  >> Synchronization: Warm-up results committed to Netlist.

  === Phase 2: Refinement (Electrostatic Nesterov) ===
Iter   0: Movement=8.631, HPWL=802.0, Lambda=2.01e+00, MaxDensity=35.082
Exported placement to CSV: visualizations/s526/placement_iter_0.csv
[GlobalPlacer] Placement exported to placement_iter_0.csv
Visualization saved as: s526/electro_iter_0.png
  Total cells: 225 (movable: 225, fixed: 0)
  Cell labels: Enabled (cell count <= 1000)
  Global placement iteration 0 PNG exported
Iter   1: Movement=16.395, HPWL=820.2, Lambda=2.01e+00, MaxDensity=34.020
Iter   2: Movement=23.363, HPWL=846.2, Lambda=2.01e+00, MaxDensity=31.683
Iter   3: Movement=29.597, HPWL=879.3, Lambda=2.01e+00, MaxDensity=28.567
Iter   4: Movement=35.172, HPWL=919.6, Lambda=2.01e+00, MaxDensity=24.985
Iter   5: Movement=40.122, HPWL=966.5, Lambda=2.01e+00, MaxDensity=21.374
Iter   6: Movement=44.704, HPWL=1019.3, Lambda=2.01e+00, MaxDensity=20.776
Iter   7: Movement=48.826, HPWL=1077.3, Lambda=2.01e+00, MaxDensity=19.488
Iter   8: Movement=52.341, HPWL=1140.4, Lambda=2.01e+00, MaxDensity=19.374
Iter   9: Movement=55.536, HPWL=1208.4, Lambda=2.01e+00, MaxDensity=20.019
Iter  10: Movement=58.315, HPWL=1280.6, Lambda=2.11e+00, MaxDensity=18.844
Iter  20: Movement=75.459, HPWL=2167.2, Lambda=3.61e+00, MaxDensity=16.675
Exported placement to CSV: visualizations/s526/placement_iter_20.csv
[GlobalPlacer] Placement exported to placement_iter_20.csv
Visualization saved as: s526/electro_iter_20.png
  Total cells: 225 (movable: 225, fixed: 0)
  Cell labels: Enabled (cell count <= 1000)
  Global placement iteration 20 PNG exported
Iter  30: Movement=80.969, HPWL=3217.8, Lambda=6.17e+00, MaxDensity=14.720
Iter  40: Movement=80.285, HPWL=4296.7, Lambda=1.06e+01, MaxDensity=14.065
Exported placement to CSV: visualizations/s526/placement_iter_40.csv
[GlobalPlacer] Placement exported to placement_iter_40.csv
Visualization saved as: s526/electro_iter_40.png
  Total cells: 225 (movable: 225, fixed: 0)
  Cell labels: Enabled (cell count <= 1000)
  Global placement iteration 40 PNG exported

========== [Decisive] 50th Iteration Gradient Balance Diagnosis ==========
Average Wire Gradient Magnitude (Avg |∇_wire|):     13.929319
Average Raw Density Gradient Magnitude (Avg |∇_dens_raw|): 0.397886
Current Lambda (current_lambda):        1.638e+01
Effective Density Gradient (Lambda * ∇_dens_raw):    6.516973
Raw Gradient Ratio (∇_wire / ∇_dens_raw):      35.008
Effective Gradient Ratio (∇_wire / Lambda*∇_dens):   2.137
[IDEAL] Force balance is good (around 1:1), expect gentle diffusion.
====================================================

Iter  50: Movement=73.449, HPWL=5162.4, Lambda=1.81e+01, MaxDensity=22.912
Iter  60: Movement=64.696, HPWL=5517.9, Lambda=3.09e+01, MaxDensity=32.940
Exported placement to CSV: visualizations/s526/placement_iter_60.csv
[GlobalPlacer] Placement exported to placement_iter_60.csv
Visualization saved as: s526/electro_iter_60.png
  Total cells: 225 (movable: 225, fixed: 0)
  Cell labels: Enabled (cell count <= 1000)
  Global placement iteration 60 PNG exported
Iter  70: Movement=70.832, HPWL=5589.3, Lambda=5.28e+01, MaxDensity=19.365
Iter  80: Movement=72.049, HPWL=5539.7, Lambda=9.03e+01, MaxDensity=16.145
Exported placement to CSV: visualizations/s526/placement_iter_80.csv
[GlobalPlacer] Placement exported to placement_iter_80.csv
Visualization saved as: s526/electro_iter_80.png
  Total cells: 225 (movable: 225, fixed: 0)
  Cell labels: Enabled (cell count <= 1000)
  Global placement iteration 80 PNG exported
Iter  90: Movement=59.372, HPWL=5496.9, Lambda=1.55e+02, MaxDensity=13.343
Iter 100: Movement=50.655, HPWL=5500.5, Lambda=2.64e+02, MaxDensity=9.251
Exported placement to CSV: visualizations/s526/placement_iter_100.csv
[GlobalPlacer] Placement exported to placement_iter_100.csv
Visualization saved as: s526/electro_iter_100.png
  Total cells: 225 (movable: 225, fixed: 0)
  Cell labels: Enabled (cell count <= 1000)
  Global placement iteration 100 PNG exported
Iter 110: Movement=44.616, HPWL=5440.6, Lambda=4.52e+02, MaxDensity=9.000
Iter 120: Movement=40.034, HPWL=5270.3, Lambda=7.44e+02, MaxDensity=6.432
Exported placement to CSV: visualizations/s526/placement_iter_120.csv
[GlobalPlacer] Placement exported to placement_iter_120.csv
Visualization saved as: s526/electro_iter_120.png
  Total cells: 225 (movable: 225, fixed: 0)
  Cell labels: Enabled (cell count <= 1000)
  Global placement iteration 120 PNG exported
Iter 130: Movement=35.454, HPWL=5123.2, Lambda=1.19e+03, MaxDensity=6.647
Iter 140: Movement=26.988, HPWL=5114.0, Lambda=1.86e+03, MaxDensity=4.000
Exported placement to CSV: visualizations/s526/placement_iter_140.csv
[GlobalPlacer] Placement exported to placement_iter_140.csv
Visualization saved as: s526/electro_iter_140.png
  Total cells: 225 (movable: 225, fixed: 0)
  Cell labels: Enabled (cell count <= 1000)
  Global placement iteration 140 PNG exported
Iter 150: Movement=25.913, HPWL=5065.8, Lambda=2.48e+03, MaxDensity=3.846
Iter 160: Movement=23.642, HPWL=5081.8, Lambda=3.31e+03, MaxDensity=3.399
Exported placement to CSV: visualizations/s526/placement_iter_160.csv
[GlobalPlacer] Placement exported to placement_iter_160.csv
Visualization saved as: s526/electro_iter_160.png
  Total cells: 225 (movable: 225, fixed: 0)
  Cell labels: Enabled (cell count <= 1000)
  Global placement iteration 160 PNG exported
Iter 170: Movement=22.410, HPWL=5095.3, Lambda=3.66e+03, MaxDensity=2.527
Iter 180: Movement=20.834, HPWL=5097.1, Lambda=4.41e+03, MaxDensity=2.080
Exported placement to CSV: visualizations/s526/placement_iter_180.csv
[GlobalPlacer] Placement exported to placement_iter_180.csv
Visualization saved as: s526/electro_iter_180.png
  Total cells: 225 (movable: 225, fixed: 0)
  Cell labels: Enabled (cell count <= 1000)
  Global placement iteration 180 PNG exported
Iter 190: Movement=20.895, HPWL=5131.9, Lambda=5.21e+03, MaxDensity=2.448
Exported placement to CSV: visualizations/s526/placement_iter_200.csv
[GlobalPlacer] Placement exported to placement_iter_200.csv
Visualization saved as: s526/electro_iter_200.png
  Total cells: 225 (movable: 225, fixed: 0)
  Cell labels: Enabled (cell count <= 1000)
  Global placement iteration 200 PNG exported

=== Global Placement Final Statistics ===
Final HPWL: 5200.1
Final Max Density: 2.120
Final Total Overflow: 783.179
Final Lambda: 5.21e+03
Total Iterations: 200
HPWL Improvement: -548.4%

=== Density Grid Statistics ===
Grid size: 64x64 (4096 bins)
Target density: 0.7
Average density: 0.687
Maximum density: 2.120
Overcrowded bins: 2314 (56.494%)
Total overflow: 783.179
===============================

=== Poisson Solver Statistics ===
Solution status: SUCCESS
Maximum potential: 0.047234
Maximum force magnitude: 0.028022
Average force magnitude: 0.006134
=================================
==========================================
Density heatmap saved to visualizations/s526/density_heatmap.png
  Hybrid strategy completed. Final HPWL: 5200.097950
Global Placement completed in 16035 ms
Final HPWL: 5200.097950
>>> Starting Legalization...
Algorithm: Abacus (Optimization-based)
Warning: Row 0 is OVER-UTILIZED! Cells cannot fit.
Warning: Row 5 is OVER-UTILIZED! Cells cannot fit.
Warning: Row 6 is OVER-UTILIZED! Cells cannot fit.
Warning: Row 8 is OVER-UTILIZED! Cells cannot fit.
Warning: Row 9 is OVER-UTILIZED! Cells cannot fit.
Warning: Row 12 is OVER-UTILIZED! Cells cannot fit.
  Snapping cells to site grid (width = 0.190000 um)
  Site alignment completed
  Final HPWL: 5043.855000
  Overlap check: No overlaps
  Final HPWL: 5043.855000
  Overlap check: No overlaps
Exported placement to CSV: visualizations/s526/legalized.csv
Visualization saved as: s526/legalized.png
  Total cells: 225 (movable: 225, fixed: 0)
  Cell labels: Enabled (cell count <= 1000)
Legalization completed!
Starting Detailed Placement Optimization...
  Initial HPWL: 5043.855000
  Running 3 iterations of detailed reordering...
  Iteration 1/3
  Swaps performed: 91
  Iteration 2/3
  Swaps performed: 53
  Iteration 3/3
  Swaps performed: 30
  Final HPWL: 4804.170000
  HPWL improvement: 4.75%
  Site alignment: 225/225 (100.0%)
  Final HPWL after detailed placement: 4804.2

=== DETAILED PLACEMENT OVERLAP ANALYSIS ===
Total cells analyzed: 225
  Overlap Analysis Results:
    Total overlapping pairs: 0
    Boundary touching pairs: 392
    Total overlap area: 0.0000 μm²
=== End DETAILED PLACEMENT OVERLAP ANALYSIS ===

Exported placement to CSV: visualizations/s526/detailed.csv
Visualization saved as: s526/detailed.png
  Total cells: 225 (movable: 225, fixed: 0)
  Cell labels: Enabled (cell count <= 1000)

=== Running Routing ===
  Parsed time_unit: 1ns
  Parsed power_unit: 1nW
  Parsed voltage_unit: 1V
  Parsed current_unit: 1mA
  Parsed resistance_unit: 1kohm
  Successfully parsed library: NangateOpenCellLibrary
  Cell count: 135
Placing I/O ports...
  Placed 11 I/O ports
[ROUTING] RoutingGrid initialized: 206x207 x3 layers
[ROUTING] Core area: (0.000000,0.000000) to (19.570000,19.600000)
[ROUTING] Pitch: X=0.095000um, Y=0.095000um
[ROUTING] Precomputing neighbors for all grid points...
[ROUTING] Precomputed 127926 grid points with 127926 neighbor lists
Building pin locations map...
  Built pin locations map with 712 pins
[ROUTING] Linear index arrays initialized: 127926 elements
Skipping HFN (Clock/Reset): Net CK with 22 pins
High Fanout Net: G10 with 12 pins (hash: 1671469259)
High Fanout Net: G11 with 8 pins (hash: 72568704)
High Fanout Net: G12 with 13 pins (hash: -1101306972)
High Fanout Net: G13 with 14 pins (hash: 88156060)
High Fanout Net: G14 with 8 pins (hash: 163962302)
High Fanout Net: G16 with 12 pins (hash: 700707547)
High Fanout Net: G17 with 8 pins (hash: -1255419513)
High Fanout Net: G18 with 11 pins (hash: -503780912)
High Fanout Net: G20 with 12 pins (hash: -1892638042)
High Fanout Net: G21 with 13 pins (hash: 279164025)
High Fanout Net: G59 with 10 pins (hash: 1079683880)
High Fanout Net: G211 with 14 pins (hash: 1909640527)
High Fanout Net: G90 with 8 pins (hash: -387702452)
High Fanout Net: G107 with 9 pins (hash: -1506154214)
High Fanout Net: G116 with 11 pins (hash: 1389461358)
High Fanout Net: G122 with 13 pins (hash: 1462764369)
High Fanout Net: G184 with 9 pins (hash: 1862462438)
High Fanout Net: G123 with 9 pins (hash: 1746006795)
[ROUTING] >>> PathFinder Iteration 0 <<<
[ROUTING] Warning: Net G101 has fewer than 2 pins, skipping MST construction
[ROUTING] Warning: Net G127 has fewer than 2 pins, skipping MST construction
[ROUTING] Warning: Net G183 has fewer than 2 pins, skipping MST construction
[ROUTING] Warning: Net G188 has fewer than 2 pins, skipping MST construction
[ROUTING] Warning: Net G179 has fewer than 2 pins, skipping MST construction
[ROUTING] Warning: Net G173 has fewer than 2 pins, skipping MST construction
[ROUTING] Warning: Net G194 has fewer than 2 pins, skipping MST construction
[ROUTING] Warning: Net G167 has fewer than 2 pins, skipping MST construction
[ROUTING] Warning: Net G137 has fewer than 2 pins, skipping MST construction
[ROUTING] Warning: Net G60 has fewer than 2 pins, skipping MST construction
[ROUTING] Warning: Net G200 has fewer than 2 pins, skipping MST construction
[ROUTING] Warning: Net G62 has fewer than 2 pins, skipping MST construction
[ROUTING] Warning: Net G61 has fewer than 2 pins, skipping MST construction
[ROUTING] Warning: Net G96 has fewer than 2 pins, skipping MST construction
[ROUTING] Warning: Net G89 has fewer than 2 pins, skipping MST construction
[ROUTING] Warning: Net G106 has fewer than 2 pins, skipping MST construction
[ROUTING] Warning: Net G84 has fewer than 2 pins, skipping MST construction
[ROUTING] Warning: Net G206 has fewer than 2 pins, skipping MST construction
[ROUTING] Warning: Net G79 has fewer than 2 pins, skipping MST construction
[ROUTING] Warning: Net G115 has fewer than 2 pins, skipping MST construction
[ROUTING] Warning: Net G69 has fewer than 2 pins, skipping MST construction
[ROUTING] Improvement: 2147483647 -> 274 conflicts
[ROUTING] >>> NEW RECORD! Conflicts: 274 (Saving at iteration 0) <<<
[ROUTING] Updating History Costs with increment: 1.000000
[ROUTING] Applied decay to 0 congested points
[ROUTING] Applied penalties to 2083 congested points
[ROUTING] Iteration 0 completed in 3574 ms
[ROUTING] >>> PathFinder Iteration 1 <<<
[ROUTING] Improvement: 274 -> 215 conflicts
[ROUTING] >>> NEW RECORD! Conflicts: 215 (Saving at iteration 1) <<<
[ROUTING] Updating History Costs with increment: 1.000000
[ROUTING] Applied decay to 396 congested points
[ROUTING] Applied penalties to 35956 congested points
[ROUTING] Iteration 1 completed in 3140 ms
[ROUTING] >>> PathFinder Iteration 2 <<<
[ROUTING] Improvement: 215 -> 95 conflicts
[ROUTING] >>> NEW RECORD! Conflicts: 95 (Saving at iteration 2) <<<
[ROUTING] Updating History Costs with increment: 1.050000
[ROUTING] Applied decay to 5066 congested points
[ROUTING] Applied penalties to 18085 congested points
[ROUTING] Iteration 2 completed in 1443 ms
[ROUTING] >>> PathFinder Iteration 3 <<<
[ROUTING] Improvement: 95 -> 83 conflicts
[ROUTING] >>> NEW RECORD! Conflicts: 83 (Saving at iteration 3) <<<
[ROUTING] Updating History Costs with increment: 1.100000
[ROUTING] Applied decay to 6955 congested points
[ROUTING] Applied penalties to 12098 congested points
[ROUTING] Iteration 3 completed in 820 ms
[ROUTING] >>> PathFinder Iteration 4 <<<
[ROUTING] Improvement: 83 -> 48 conflicts
[ROUTING] >>> NEW RECORD! Conflicts: 48 (Saving at iteration 4) <<<
[ROUTING] Updating History Costs with increment: 1.150000
[ROUTING] Applied decay to 7326 congested points
[ROUTING] Applied penalties to 9998 congested points
[ROUTING] Iteration 4 completed in 600 ms
[ROUTING] >>> PathFinder Iteration 5 <<<
[ROUTING] Improvement: 48 -> 26 conflicts
[ROUTING] >>> NEW RECORD! Conflicts: 26 (Saving at iteration 5) <<<
[ROUTING] Updating History Costs with increment: 1.200000
[ROUTING] Applied decay to 6099 congested points
[ROUTING] Applied penalties to 7708 congested points
[ROUTING] Iteration 5 completed in 437 ms
[ROUTING] >>> PathFinder Iteration 6 <<<
[ROUTING] Updating History Costs with increment: 1.250000
[ROUTING] Applied decay to 4796 congested points
[ROUTING] Applied penalties to 6035 congested points
[ROUTING] Iteration 6 completed in 368 ms
[ROUTING] >>> PathFinder Iteration 7 <<<
[ROUTING] Improvement: 31 -> 12 conflicts
[ROUTING] >>> NEW RECORD! Conflicts: 12 (Saving at iteration 7) <<<
[ROUTING] Updating History Costs with increment: 1.300000
[ROUTING] Applied decay to 5208 congested points
[ROUTING] Applied penalties to 6126 congested points
[ROUTING] Iteration 7 completed in 367 ms
[ROUTING] >>> PathFinder Iteration 8 <<<
[ROUTING] Improvement: 12 -> 9 conflicts
[ROUTING] >>> NEW RECORD! Conflicts: 9 (Saving at iteration 8) <<<
[ROUTING] Updating History Costs with increment: 1.350000
[ROUTING] Applied decay to 3035 congested points
[ROUTING] Applied penalties to 3592 congested points
[ROUTING] Iteration 8 completed in 166 ms
[ROUTING] >>> PathFinder Iteration 9 <<<
[ROUTING] Improvement: 9 -> 3 conflicts
[ROUTING] >>> NEW RECORD! Conflicts: 3 (Saving at iteration 9) <<<
[ROUTING] Updating History Costs with increment: 1.400000
[ROUTING] Applied decay to 2618 congested points
[ROUTING] Applied penalties to 3074 congested points
[ROUTING] Iteration 9 completed in 150 ms
[ROUTING] >>> PathFinder Iteration 10 <<<
[ROUTING] Updating History Costs with increment: 1.450000
[ROUTING] Applied decay to 1938 congested points
[ROUTING] Applied penalties to 2195 congested points
[ROUTING] Iteration 10 completed in 118 ms
[ROUTING] >>> PathFinder Iteration 11 <<<
[ROUTING] Improvement: 4 -> 0 conflicts
[ROUTING] >>> NEW RECORD! Conflicts: 0 (Saving at iteration 11) <<<
[ROUTING] *** PERFECT SOLUTION FOUND! Early termination. ***
[ROUTING] === RESTORING BEST SOLUTION ===
[ROUTING] Restoring best solution from iteration 11 with 0 conflicts...
[ROUTING] Best solution restored successfully! Grid now has 0 conflicts
Exported 172 nets, 53053 segments to visualizations/s526/post_routing.txt
[ROUTING] === CONFLICT EVOLUTION ANALYSIS ===
[ROUTING] Total iterations: 12
[ROUTING] Initial conflicts: 274
[ROUTING] Final conflicts: 0
[ROUTING] Minimum conflicts: 0 (at iteration 11)
[ROUTING] Total conflict reduction: 274 (100.000000%)
[ROUTING] Conflict trend at key iterations:
[ROUTING]   Iter 0: 274 conflicts
[ROUTING]   Iter 2: 95 conflicts
[ROUTING]   Iter 4: 48 conflicts
[ROUTING]   Iter 6: 31 conflicts
[ROUTING]   Iter 8: 9 conflicts
[ROUTING]   Iter 10: 4 conflicts
=====================================
[ROUTING] **PATHFINDER FINAL RESULTS:**
[ROUTING]   Networks routed: 2 (current iteration) / 172 (total in registry)
[ROUTING]   Note: 170 networks were 'frozen' after finding conflict-free routes
[ROUTING]   Conflicts evolution: 274 → 0 → 0
[ROUTING]   Conflict trend: Iter0:274 → Iter2:95 → Iter4:48 → Iter6:31 → Iter8:9 → Iter10:4
[ROUTING]   Segments attempted: 1373
[ROUTING]   Segments succeeded: 1373
[ROUTING]   Real success rate: 100.000000%
[ROUTING]   Traditional Statistics:
[ROUTING]     Total wirelength: 1464.000000
[ROUTING]     Total vias: 178

  Routing completed:
    Successfully routed: 2 nets
    Failed to route: 0 nets
    Total wirelength: 1464.0000
    Total vias: 178

=== Back-annotating placement coordinates ===
  Synced coordinates for 225 cells

=== Running Post-Routing STA ===
  Parsed time_unit: 1ns
  Parsed power_unit: 1nW
  Parsed voltage_unit: 1V
  Parsed current_unit: 1mA
  Parsed resistance_unit: 1kohm
  Successfully parsed library: NangateOpenCellLibrary
  Cell count: 135
  Pre-allocated space for 712 nodes.
Step 1: Creating timing nodes for all pins...
  Created 712 timing nodes.
Step 2: Building cell arcs...
  Created 52 cell arcs.
    Liberty-based arcs: 52
  Created 52 timing arcs (including net arcs).
Step 3: Building net arcs...
  Created 335 net arcs.
  Total arcs: 387
  Created clock: main_clk (period: 10.0000 ns, source: CK)

==========================================
STA Engine: Running Analysis
==========================================

[Step 0] Resetting timing data...
  Reset 712 nodes.

[Step 1] Updating arc delays...
  Net arcs: 335
  Cell arcs: 52
  Updated 387 arcs.

[Step 2] Propagating Arrival Times (Forward)...
  Topological order length: 712
  Start points: 26
    Set AT of VDD/Y = 0.0
    Set AT of CK/Y = 0.0
    Set AT of G0/Y = 0.0
    Set AT of G1/Y = 0.0
    Set AT of G2/Y = 0.0
    Set AT of DFF_0/Q = 0.0
    Set AT of DFF_1/Q = 0.0
    Set AT of DFF_2/Q = 0.0
    Set AT of DFF_3/Q = 0.0
    Set AT of DFF_4/Q = 0.0
    Set AT of DFF_5/Q = 0.0
    Set AT of DFF_6/Q = 0.0
    Set AT of DFF_7/Q = 0.0
    Set AT of DFF_8/Q = 0.0
    Set AT of DFF_9/Q = 0.0
    Set AT of DFF_10/Q = 0.0
    Set AT of DFF_11/Q = 0.0
    Set AT of DFF_12/Q = 0.0
    Set AT of DFF_13/Q = 0.0
    Set AT of DFF_14/Q = 0.0
    Set AT of DFF_15/Q = 0.0
    Set AT of DFF_16/Q = 0.0
    Set AT of DFF_17/Q = 0.0
    Set AT of DFF_18/Q = 0.0
    Set AT of DFF_19/Q = 0.0
    Set AT of DFF_20/Q = 0.0
    Propagated AT of NOT_40/A [Setup=0.0000ns, Hold=0.0000ns, SlewMax=0.2983ps, SlewMin=0.2983ps]
    Propagated AT of NOT_40/Y [Setup=0.0000ns, Hold=0.0000ns, SlewMax=0.0033ps, SlewMin=0.0033ps]
    Propagated AT of NOT_41/A [Setup=0.0000ns, Hold=0.0000ns, SlewMax=0.3981ps, SlewMin=0.3981ps]
    Propagated AT of NOT_41/Y [Setup=0.0000ns, Hold=0.0000ns, SlewMax=0.0033ps, SlewMin=0.0033ps]
    Propagated AT of AND2_31/A [Setup=0.0000ns, Hold=0.0000ns, SlewMax=0.0500ps, SlewMin=0.0500ps]
  Updated AT (Setup) for 66 nodes.
  Updated AT (Hold) for 66 nodes.

[Step 3] Propagating Required Times (Backward)...
  End points: 48
    Set RAT of G198/A = 10.0000 ns
    Set RAT of G213/A = 10.0000 ns
    Set RAT of G147/A = 10.0000 ns
    Set RAT of G199/A = 10.0000 ns
    Set RAT of G214/A = 10.0000 ns
    Set RAT of G148/A = 10.0000 ns
    Set RAT of DFF_0/CK = 10.0000 ns
    Set RAT of DFF_0/D = 10.0000 ns
    Set RAT of DFF_1/CK = 10.0000 ns
    Set RAT of DFF_1/D = 10.0000 ns
    Set RAT of DFF_2/CK = 10.0000 ns
    Set RAT of DFF_2/D = 10.0000 ns
    Set RAT of DFF_3/CK = 10.0000 ns
    Set RAT of DFF_3/D = 10.0000 ns
    Set RAT of DFF_4/CK = 10.0000 ns
    Set RAT of DFF_4/D = 10.0000 ns
    Set RAT of DFF_5/CK = 10.0000 ns
    Set RAT of DFF_5/D = 10.0000 ns
    Set RAT of DFF_6/CK = 10.0000 ns
    Set RAT of DFF_6/D = 10.0000 ns
    Set RAT of DFF_7/CK = 10.0000 ns
    Set RAT of DFF_7/D = 10.0000 ns
    Set RAT of DFF_8/CK = 10.0000 ns
    Set RAT of DFF_8/D = 10.0000 ns
    Set RAT of DFF_9/CK = 10.0000 ns
    Set RAT of DFF_9/D = 10.0000 ns
    Set RAT of DFF_10/CK = 10.0000 ns
    Set RAT of DFF_10/D = 10.0000 ns
    Set RAT of DFF_11/CK = 10.0000 ns
    Set RAT of DFF_11/D = 10.0000 ns
    Set RAT of DFF_12/CK = 10.0000 ns
    Set RAT of DFF_12/D = 10.0000 ns
    Set RAT of DFF_13/CK = 10.0000 ns
    Set RAT of DFF_13/D = 10.0000 ns
    Set RAT of DFF_14/CK = 10.0000 ns
    Set RAT of DFF_14/D = 10.0000 ns
    Set RAT of DFF_15/CK = 10.0000 ns
    Set RAT of DFF_15/D = 10.0000 ns
    Set RAT of DFF_16/CK = 10.0000 ns
    Set RAT of DFF_16/D = 10.0000 ns
    Set RAT of DFF_17/CK = 10.0000 ns
    Set RAT of DFF_17/D = 10.0000 ns
    Set RAT of DFF_18/CK = 10.0000 ns
    Set RAT of DFF_18/D = 10.0000 ns
    Set RAT of DFF_19/CK = 10.0000 ns
    Set RAT of DFF_19/D = 10.0000 ns
    Set RAT of DFF_20/CK = 10.0000 ns
    Set RAT of DFF_20/D = 10.0000 ns

[Step 3.5] Checking Setup/Hold Constraints with Liberty Lookup Tables...
  Skipping DFF DFF_20: Clock or data arrival time not initialized
  Skipping DFF DFF_19: Clock or data arrival time not initialized
  Skipping DFF DFF_18: Clock or data arrival time not initialized
  Skipping DFF DFF_17: Clock or data arrival time not initialized
  Skipping DFF DFF_16: Clock or data arrival time not initialized
  Skipping DFF DFF_15: Clock or data arrival time not initialized
  Skipping DFF DFF_14: Clock or data arrival time not initialized
  Skipping DFF DFF_13: Clock or data arrival time not initialized
  Skipping DFF DFF_12: Clock or data arrival time not initialized
  Skipping DFF DFF_11: Clock or data arrival time not initialized
  Skipping DFF DFF_10: Clock or data arrival time not initialized
  Skipping DFF DFF_9: Clock or data arrival time not initialized
  Skipping DFF DFF_8: Clock or data arrival time not initialized
  Skipping DFF DFF_7: Clock or data arrival time not initialized
  Skipping DFF DFF_6: Clock or data arrival time not initialized
  Skipping DFF DFF_5: Clock or data arrival time not initialized
  Skipping DFF DFF_4: Clock or data arrival time not initialized
  Skipping DFF DFF_3: Clock or data arrival time not initialized
  Skipping DFF DFF_2: Clock or data arrival time not initialized
  Skipping DFF DFF_1: Clock or data arrival time not initialized
  Skipping DFF DFF_0: Clock or data arrival time not initialized
  Checked 0 DFF constraints
  Setup violations: 0
  Hold violations: 0
  Note: No DFF endpoints found for constraint checking
    Propagated RAT of CK/Y = 10.0000 ns
    Propagated RAT of NOT_21/Y = 10.0000 ns
    Propagated RAT of NOT_21/A = 10.0000 ns
    Propagated RAT of NOT_20/Y = 10.0000 ns
    Propagated RAT of NOT_20/A = 10.0000 ns
  Updated RAT for 25 nodes.

[Step 4] Calculating Slacks...
  Slack distribution:
    Positive (> 0): 22 nodes
    Zero (= 0):       0 nodes (critical path)
    Negative (< 0):  0 nodes (timing violations)

==========================================
STA Analysis Complete!
==========================================

========== Timing Summary ==========
Clock Period: 10.0000 ns

Setup Analysis (Max Path - Signal Too Slow):
  WNS (Worst Negative Slack): 0.0000 ns
  TNS (Total Negative Slack): 0.0000 ns
  Violation Count: 0 nodes

Hold Analysis (Min Path - Signal Too Fast):
  WNS (Worst Negative Slack): 0.0000 ns
  TNS (Total Negative Slack): 0.0000 ns
  Violation Count: 0 nodes
=====================================

=========================================

Integrated Flow Completed!
Total runtime: 31281 ms
Output directory: visualizations
Run ID: s526
=========================================

